2025-03-16 20:04:14,380 [WARNING] ChromeDriver not found in common locations.
2025-03-16 20:04:14,380 [INFO] Please run download_chromedriver.py to download ChromeDriver.
2025-03-16 20:04:14,381 [WARNING] ChromeDriver is not available.
2025-03-16 20:04:14,381 [INFO] Pipeline completed successfully!
2025-03-16 20:09:07,891 [WARNING] ChromeDriver not found in common locations.
2025-03-16 20:09:07,891 [INFO] Please run download_chromedriver.py to download ChromeDriver.
2025-03-16 20:09:07,891 [WARNING] ChromeDriver is not available.
2025-03-16 20:09:07,892 [INFO] Pipeline completed successfully!
2025-03-16 20:10:00,318 [WARNING] ChromeDriver not found in common locations.
2025-03-16 20:10:00,319 [INFO] Please run download_chromedriver.py to download ChromeDriver.
2025-03-16 20:10:00,319 [WARNING] ChromeDriver is not available.
2025-03-16 20:10:00,319 [ERROR] Cannot run the scraper without ChromeDriver.
2025-03-16 20:10:00,320 [INFO] Please run download_chromedriver.py to download ChromeDriver.
2025-03-16 21:12:13,233 [WARNING] ChromeDriver not found in common locations.
2025-03-16 21:12:13,233 [INFO] Please run download_chromedriver.py to download ChromeDriver.
2025-03-16 21:12:13,233 [WARNING] ChromeDriver is not available.
2025-03-16 21:12:13,234 [INFO] Pipeline completed successfully!
2025-03-16 21:19:25,614 [WARNING] ChromeDriver not found in common locations.
2025-03-16 21:19:25,614 [INFO] Please run download_chromedriver.py to download ChromeDriver.
2025-03-16 21:19:25,615 [WARNING] ChromeDriver is not available.
2025-03-16 21:19:25,615 [ERROR] Cannot run the scraper without ChromeDriver.
2025-03-16 21:19:25,615 [INFO] Please run download_chromedriver.py to download ChromeDriver.
2025-03-16 21:19:41,301 [INFO] Found ChromeDriver at: E:\Projects\YogaPoseImages-WS\chromedriver\chromedriver.exe
2025-03-16 21:19:41,302 [INFO] ChromeDriver is available.
2025-03-16 21:19:41,302 [INFO] Starting the scraper...
2025-03-16 21:19:41,303 [INFO] Found ChromeDriver at: E:\Projects\YogaPoseImages-WS\chromedriver\chromedriver.exe
2025-03-16 21:19:41,316 [INFO] Scrapy 2.11.0 started (bot: yoga_scraper)
2025-03-16 21:19:41,337 [INFO] Versions: lxml 5.3.1.0, libxml2 2.11.7, cssselect 1.3.0, parsel 1.10.0, w3lib 2.3.1, Twisted 22.10.0, Python 3.10.16 | packaged by Anaconda, Inc. | (main, Dec 11 2024, 16:19:12) [MSC v.1929 64 bit (AMD64)], pyOpenSSL 25.0.0 (OpenSSL 3.4.1 11 Feb 2025), cryptography 44.0.2, Platform Windows-10-10.0.26100-SP0
2025-03-16 21:19:41,346 [INFO] Scraping completed in 0.04 seconds (0.00 minutes)
2025-03-16 21:19:41,346 [INFO] Pipeline completed successfully!
2025-03-16 21:19:41,380 [CRITICAL] Unhandled error in Deferred:
2025-03-16 21:19:41,384 [CRITICAL] 
Traceback (most recent call last):
  File "E:\Programs\Anaconda3\envs\Yoga-stuff\lib\site-packages\twisted\internet\defer.py", line 1697, in _inlineCallbacks
    result = context.run(gen.send, result)
  File "E:\Programs\Anaconda3\envs\Yoga-stuff\lib\site-packages\scrapy\crawler.py", line 155, in crawl
    self.spider = self._create_spider(*args, **kwargs)
  File "E:\Programs\Anaconda3\envs\Yoga-stuff\lib\site-packages\scrapy\crawler.py", line 169, in _create_spider
    return self.spidercls.from_crawler(self, *args, **kwargs)
  File "E:\Programs\Anaconda3\envs\Yoga-stuff\lib\site-packages\scrapy\spiders\__init__.py", line 59, in from_crawler
    spider = cls(*args, **kwargs)
  File "E:\Projects\YogaPoseImages-WS\yoga_scraper\yoga_scraper\spiders\selenium_yoga_spider.py", line 60, in __init__
    chrome_options.add_argument(f"user-agent={self.settings.get('USER_AGENT')}")
AttributeError: 'SeleniumYogaPoseSpider' object has no attribute 'settings'
